<?xml version="1.0" encoding="UTF-8"?>
<testng-results skipped="0" failed="0" ignored="0" total="1" passed="1">
  <reporter-output>
  </reporter-output>
  <suite name="Default suite" duration-ms="7251" started-at="2021-11-09T12:14:59Z" finished-at="2021-11-09T12:15:06Z">
    <groups>
    </groups>
    <test name="Default test" duration-ms="7251" started-at="2021-11-09T12:14:59Z" finished-at="2021-11-09T12:15:06Z">
      <class name="day1.GitHubExample">
        <test-method status="PASS" signature="getAllRepos()[pri:0, instance:day1.GitHubExample@275710fc]" name="getAllRepos" duration-ms="7163" started-at="2021-11-09T12:14:59Z" description="Getting all reposirtories" finished-at="2021-11-09T12:15:06Z">
          <reporter-output>
          </reporter-output>
        </test-method> <!-- getAllRepos -->
      </class> <!-- day1.GitHubExample -->
    </test> <!-- Default test -->
  </suite> <!-- Default suite -->
</testng-results>
